2023-09-09 17:50:18 - DOMAIN: as.mach-hosting.com
400
{
  "type": "urn:ietf:params:acme:error:malformed",
  "detail": "Unable to update challenge :: authorization must be pending",
  "status": 400
}
2023-09-09 18:46:02 - DOMAIN: as.mach-hosting.com
400
{
  "type": "urn:ietf:params:acme:error:malformed",
  "detail": "Unable to update challenge :: authorization must be pending",
  "status": 400
}
2023-09-17 01:04:00 - DOMAIN: bmt.mach-hosting.com
400
{
  "type": "urn:ietf:params:acme:error:malformed",
  "detail": "Unable to update challenge :: authorization must be pending",
  "status": 400
}
